2017-08-15 10:58:47.536 WARN  com.datastax.driver.core.NettyUtil - Found Netty's native epoll transport, but not running on linux-based operating system. Using NIO instead.
2017-08-15 10:58:48.843 WARN  com.datastax.driver.core.Cluster - You listed /192.168.8.106:9042 in your contact points, but it wasn't found in the control host's system.peers at startup
2017-08-15 10:58:48.846 WARN  com.datastax.driver.core.Cluster - You listed /192.168.8.109:9042 in your contact points, but it wasn't found in the control host's system.peers at startup
2017-08-15 11:12:17.850 WARN  com.datastax.driver.core.NettyUtil - Found Netty's native epoll transport, but not running on linux-based operating system. Using NIO instead.
2017-08-15 11:12:18.746 WARN  com.datastax.driver.core.Cluster - You listed /192.168.8.106:9042 in your contact points, but it wasn't found in the control host's system.peers at startup
2017-08-15 11:12:18.748 WARN  com.datastax.driver.core.Cluster - You listed /192.168.8.109:9042 in your contact points, but it wasn't found in the control host's system.peers at startup
2017-08-15 11:13:05.990 WARN  com.datastax.driver.core.NettyUtil - Found Netty's native epoll transport, but not running on linux-based operating system. Using NIO instead.
2017-08-15 11:13:06.872 WARN  com.datastax.driver.core.Cluster - You listed /192.168.8.108:9042 in your contact points, but it wasn't found in the control host's system.peers at startup
2017-08-15 11:13:08.684 WARN  com.datastax.driver.core.Session - Error creating pool to /192.168.8.106:9042
com.datastax.driver.core.exceptions.ConnectionException: [/192.168.8.106:9042] Pool was closed during initialization
	at com.datastax.driver.core.HostConnectionPool$2.onSuccess(HostConnectionPool.java:148) [spark-cassandra-connector_2.11-2.0.2.jar:2.0.2]
	at com.datastax.driver.core.HostConnectionPool$2.onSuccess(HostConnectionPool.java:134) [spark-cassandra-connector_2.11-2.0.2.jar:2.0.2]
	at shade.com.datastax.spark.connector.google.common.util.concurrent.Futures$6.run(Futures.java:1319) [spark-cassandra-connector_2.11-2.0.2.jar:2.0.2]
	at shade.com.datastax.spark.connector.google.common.util.concurrent.MoreExecutors$DirectExecutorService.execute(MoreExecutors.java:299) [spark-cassandra-connector_2.11-2.0.2.jar:2.0.2]
	at shade.com.datastax.spark.connector.google.common.util.concurrent.ExecutionList.executeListener(ExecutionList.java:156) [spark-cassandra-connector_2.11-2.0.2.jar:2.0.2]
	at shade.com.datastax.spark.connector.google.common.util.concurrent.ExecutionList.execute(ExecutionList.java:145) [spark-cassandra-connector_2.11-2.0.2.jar:2.0.2]
	at shade.com.datastax.spark.connector.google.common.util.concurrent.AbstractFuture.set(AbstractFuture.java:185) [spark-cassandra-connector_2.11-2.0.2.jar:2.0.2]
	at shade.com.datastax.spark.connector.google.common.util.concurrent.Futures$CombinedFuture.setOneValue(Futures.java:1764) [spark-cassandra-connector_2.11-2.0.2.jar:2.0.2]
	at shade.com.datastax.spark.connector.google.common.util.concurrent.Futures$CombinedFuture.access$400(Futures.java:1608) [spark-cassandra-connector_2.11-2.0.2.jar:2.0.2]
	at shade.com.datastax.spark.connector.google.common.util.concurrent.Futures$CombinedFuture$2.run(Futures.java:1686) [spark-cassandra-connector_2.11-2.0.2.jar:2.0.2]
	at shade.com.datastax.spark.connector.google.common.util.concurrent.MoreExecutors$DirectExecutor.execute(MoreExecutors.java:457) [spark-cassandra-connector_2.11-2.0.2.jar:2.0.2]
	at shade.com.datastax.spark.connector.google.common.util.concurrent.ExecutionList.executeListener(ExecutionList.java:156) [spark-cassandra-connector_2.11-2.0.2.jar:2.0.2]
	at shade.com.datastax.spark.connector.google.common.util.concurrent.ExecutionList.execute(ExecutionList.java:145) [spark-cassandra-connector_2.11-2.0.2.jar:2.0.2]
	at shade.com.datastax.spark.connector.google.common.util.concurrent.AbstractFuture.set(AbstractFuture.java:185) [spark-cassandra-connector_2.11-2.0.2.jar:2.0.2]
	at shade.com.datastax.spark.connector.google.common.util.concurrent.Futures$FallbackFuture$1$1.onSuccess(Futures.java:479) [spark-cassandra-connector_2.11-2.0.2.jar:2.0.2]
	at shade.com.datastax.spark.connector.google.common.util.concurrent.Futures$6.run(Futures.java:1319) [spark-cassandra-connector_2.11-2.0.2.jar:2.0.2]
	at shade.com.datastax.spark.connector.google.common.util.concurrent.MoreExecutors$DirectExecutor.execute(MoreExecutors.java:457) [spark-cassandra-connector_2.11-2.0.2.jar:2.0.2]
	at shade.com.datastax.spark.connector.google.common.util.concurrent.Futures$ImmediateFuture.addListener(Futures.java:106) [spark-cassandra-connector_2.11-2.0.2.jar:2.0.2]
	at shade.com.datastax.spark.connector.google.common.util.concurrent.Futures.addCallback(Futures.java:1322) [spark-cassandra-connector_2.11-2.0.2.jar:2.0.2]
	at shade.com.datastax.spark.connector.google.common.util.concurrent.Futures$FallbackFuture$1.onFailure(Futures.java:476) [spark-cassandra-connector_2.11-2.0.2.jar:2.0.2]
	at shade.com.datastax.spark.connector.google.common.util.concurrent.Futures$6.run(Futures.java:1310) [spark-cassandra-connector_2.11-2.0.2.jar:2.0.2]
	at shade.com.datastax.spark.connector.google.common.util.concurrent.MoreExecutors$DirectExecutorService.execute(MoreExecutors.java:299) [spark-cassandra-connector_2.11-2.0.2.jar:2.0.2]
	at shade.com.datastax.spark.connector.google.common.util.concurrent.ExecutionList.executeListener(ExecutionList.java:156) [spark-cassandra-connector_2.11-2.0.2.jar:2.0.2]
	at shade.com.datastax.spark.connector.google.common.util.concurrent.ExecutionList.execute(ExecutionList.java:145) [spark-cassandra-connector_2.11-2.0.2.jar:2.0.2]
	at shade.com.datastax.spark.connector.google.common.util.concurrent.AbstractFuture.setException(AbstractFuture.java:202) [spark-cassandra-connector_2.11-2.0.2.jar:2.0.2]
	at shade.com.datastax.spark.connector.google.common.util.concurrent.Futures$FallbackFuture$1$1.onFailure(Futures.java:487) [spark-cassandra-connector_2.11-2.0.2.jar:2.0.2]
	at shade.com.datastax.spark.connector.google.common.util.concurrent.Futures$6.run(Futures.java:1310) [spark-cassandra-connector_2.11-2.0.2.jar:2.0.2]
	at shade.com.datastax.spark.connector.google.common.util.concurrent.MoreExecutors$DirectExecutor.execute(MoreExecutors.java:457) [spark-cassandra-connector_2.11-2.0.2.jar:2.0.2]
	at shade.com.datastax.spark.connector.google.common.util.concurrent.ExecutionList.executeListener(ExecutionList.java:156) [spark-cassandra-connector_2.11-2.0.2.jar:2.0.2]
	at shade.com.datastax.spark.connector.google.common.util.concurrent.ExecutionList.add(ExecutionList.java:101) [spark-cassandra-connector_2.11-2.0.2.jar:2.0.2]
	at shade.com.datastax.spark.connector.google.common.util.concurrent.AbstractFuture.addListener(AbstractFuture.java:170) [spark-cassandra-connector_2.11-2.0.2.jar:2.0.2]
	at shade.com.datastax.spark.connector.google.common.util.concurrent.Futures.addCallback(Futures.java:1322) [spark-cassandra-connector_2.11-2.0.2.jar:2.0.2]
	at shade.com.datastax.spark.connector.google.common.util.concurrent.Futures$FallbackFuture$1.onFailure(Futures.java:476) [spark-cassandra-connector_2.11-2.0.2.jar:2.0.2]
	at shade.com.datastax.spark.connector.google.common.util.concurrent.Futures$6.run(Futures.java:1310) [spark-cassandra-connector_2.11-2.0.2.jar:2.0.2]
	at shade.com.datastax.spark.connector.google.common.util.concurrent.MoreExecutors$DirectExecutorService.execute(MoreExecutors.java:299) [spark-cassandra-connector_2.11-2.0.2.jar:2.0.2]
	at shade.com.datastax.spark.connector.google.common.util.concurrent.ExecutionList.executeListener(ExecutionList.java:156) [spark-cassandra-connector_2.11-2.0.2.jar:2.0.2]
	at shade.com.datastax.spark.connector.google.common.util.concurrent.ExecutionList.execute(ExecutionList.java:145) [spark-cassandra-connector_2.11-2.0.2.jar:2.0.2]
	at shade.com.datastax.spark.connector.google.common.util.concurrent.AbstractFuture.setException(AbstractFuture.java:202) [spark-cassandra-connector_2.11-2.0.2.jar:2.0.2]
	at shade.com.datastax.spark.connector.google.common.util.concurrent.Futures$ChainingListenableFuture.run(Futures.java:902) [spark-cassandra-connector_2.11-2.0.2.jar:2.0.2]
	at shade.com.datastax.spark.connector.google.common.util.concurrent.Futures$1$1.run(Futures.java:635) [spark-cassandra-connector_2.11-2.0.2.jar:2.0.2]
	at shade.com.datastax.spark.connector.google.common.util.concurrent.MoreExecutors$DirectExecutorService.execute(MoreExecutors.java:299) [spark-cassandra-connector_2.11-2.0.2.jar:2.0.2]
	at shade.com.datastax.spark.connector.google.common.util.concurrent.Futures$1.run(Futures.java:632) [spark-cassandra-connector_2.11-2.0.2.jar:2.0.2]
	at shade.com.datastax.spark.connector.google.common.util.concurrent.MoreExecutors$DirectExecutor.execute(MoreExecutors.java:457) [spark-cassandra-connector_2.11-2.0.2.jar:2.0.2]
	at shade.com.datastax.spark.connector.google.common.util.concurrent.ExecutionList.executeListener(ExecutionList.java:156) [spark-cassandra-connector_2.11-2.0.2.jar:2.0.2]
	at shade.com.datastax.spark.connector.google.common.util.concurrent.ExecutionList.execute(ExecutionList.java:145) [spark-cassandra-connector_2.11-2.0.2.jar:2.0.2]
	at shade.com.datastax.spark.connector.google.common.util.concurrent.AbstractFuture.setException(AbstractFuture.java:202) [spark-cassandra-connector_2.11-2.0.2.jar:2.0.2]
	at shade.com.datastax.spark.connector.google.common.util.concurrent.SettableFuture.setException(SettableFuture.java:68) [spark-cassandra-connector_2.11-2.0.2.jar:2.0.2]
	at com.datastax.driver.core.Connection$1.operationComplete(Connection.java:166) [spark-cassandra-connector_2.11-2.0.2.jar:2.0.2]
	at com.datastax.driver.core.Connection$1.operationComplete(Connection.java:149) [spark-cassandra-connector_2.11-2.0.2.jar:2.0.2]
	at io.netty.util.concurrent.DefaultPromise.notifyListener0(DefaultPromise.java:507) [netty-all-4.1.8.Final.jar:4.1.8.Final]
	at io.netty.util.concurrent.DefaultPromise.notifyListeners0(DefaultPromise.java:500) [netty-all-4.1.8.Final.jar:4.1.8.Final]
	at io.netty.util.concurrent.DefaultPromise.notifyListenersNow(DefaultPromise.java:479) [netty-all-4.1.8.Final.jar:4.1.8.Final]
	at io.netty.util.concurrent.DefaultPromise.notifyListeners(DefaultPromise.java:420) [netty-all-4.1.8.Final.jar:4.1.8.Final]
	at io.netty.util.concurrent.DefaultPromise.tryFailure(DefaultPromise.java:122) [netty-all-4.1.8.Final.jar:4.1.8.Final]
	at io.netty.channel.nio.AbstractNioChannel$AbstractNioUnsafe.fulfillConnectPromise(AbstractNioChannel.java:327) [netty-all-4.1.8.Final.jar:4.1.8.Final]
	at io.netty.channel.nio.AbstractNioChannel$AbstractNioUnsafe.finishConnect(AbstractNioChannel.java:343) [netty-all-4.1.8.Final.jar:4.1.8.Final]
	at io.netty.channel.nio.NioEventLoop.processSelectedKey(NioEventLoop.java:630) [netty-all-4.1.8.Final.jar:4.1.8.Final]
	at io.netty.channel.nio.NioEventLoop.processSelectedKeysOptimized(NioEventLoop.java:565) [netty-all-4.1.8.Final.jar:4.1.8.Final]
	at io.netty.channel.nio.NioEventLoop.processSelectedKeys(NioEventLoop.java:479) [netty-all-4.1.8.Final.jar:4.1.8.Final]
	at io.netty.channel.nio.NioEventLoop.run(NioEventLoop.java:441) [netty-all-4.1.8.Final.jar:4.1.8.Final]
	at io.netty.util.concurrent.SingleThreadEventExecutor$5.run(SingleThreadEventExecutor.java:858) [netty-all-4.1.8.Final.jar:4.1.8.Final]
	at io.netty.util.concurrent.DefaultThreadFactory$DefaultRunnableDecorator.run(DefaultThreadFactory.java:144) [netty-all-4.1.8.Final.jar:4.1.8.Final]
	at java.lang.Thread.run(Thread.java:745) [na:1.8.0_111]
2017-08-15 11:15:53.179 WARN  com.datastax.driver.core.NettyUtil - Found Netty's native epoll transport, but not running on linux-based operating system. Using NIO instead.
2017-08-15 11:15:53.971 WARN  com.datastax.driver.core.Cluster - You listed /192.168.8.108:9042 in your contact points, but it wasn't found in the control host's system.peers at startup
2017-08-15 11:15:55.779 WARN  com.datastax.driver.core.Session - Error creating pool to /192.168.8.106:9042
com.datastax.driver.core.exceptions.ConnectionException: [/192.168.8.106:9042] Pool was closed during initialization
	at com.datastax.driver.core.HostConnectionPool$2.onSuccess(HostConnectionPool.java:148) [spark-cassandra-connector_2.11-2.0.2.jar:2.0.2]
	at com.datastax.driver.core.HostConnectionPool$2.onSuccess(HostConnectionPool.java:134) [spark-cassandra-connector_2.11-2.0.2.jar:2.0.2]
	at shade.com.datastax.spark.connector.google.common.util.concurrent.Futures$6.run(Futures.java:1319) [spark-cassandra-connector_2.11-2.0.2.jar:2.0.2]
	at shade.com.datastax.spark.connector.google.common.util.concurrent.MoreExecutors$DirectExecutorService.execute(MoreExecutors.java:299) [spark-cassandra-connector_2.11-2.0.2.jar:2.0.2]
	at shade.com.datastax.spark.connector.google.common.util.concurrent.ExecutionList.executeListener(ExecutionList.java:156) [spark-cassandra-connector_2.11-2.0.2.jar:2.0.2]
	at shade.com.datastax.spark.connector.google.common.util.concurrent.ExecutionList.execute(ExecutionList.java:145) [spark-cassandra-connector_2.11-2.0.2.jar:2.0.2]
	at shade.com.datastax.spark.connector.google.common.util.concurrent.AbstractFuture.set(AbstractFuture.java:185) [spark-cassandra-connector_2.11-2.0.2.jar:2.0.2]
	at shade.com.datastax.spark.connector.google.common.util.concurrent.Futures$CombinedFuture.setOneValue(Futures.java:1764) [spark-cassandra-connector_2.11-2.0.2.jar:2.0.2]
	at shade.com.datastax.spark.connector.google.common.util.concurrent.Futures$CombinedFuture.access$400(Futures.java:1608) [spark-cassandra-connector_2.11-2.0.2.jar:2.0.2]
	at shade.com.datastax.spark.connector.google.common.util.concurrent.Futures$CombinedFuture$2.run(Futures.java:1686) [spark-cassandra-connector_2.11-2.0.2.jar:2.0.2]
	at shade.com.datastax.spark.connector.google.common.util.concurrent.MoreExecutors$DirectExecutor.execute(MoreExecutors.java:457) [spark-cassandra-connector_2.11-2.0.2.jar:2.0.2]
	at shade.com.datastax.spark.connector.google.common.util.concurrent.ExecutionList.executeListener(ExecutionList.java:156) [spark-cassandra-connector_2.11-2.0.2.jar:2.0.2]
	at shade.com.datastax.spark.connector.google.common.util.concurrent.ExecutionList.execute(ExecutionList.java:145) [spark-cassandra-connector_2.11-2.0.2.jar:2.0.2]
	at shade.com.datastax.spark.connector.google.common.util.concurrent.AbstractFuture.set(AbstractFuture.java:185) [spark-cassandra-connector_2.11-2.0.2.jar:2.0.2]
	at shade.com.datastax.spark.connector.google.common.util.concurrent.Futures$FallbackFuture$1$1.onSuccess(Futures.java:479) [spark-cassandra-connector_2.11-2.0.2.jar:2.0.2]
	at shade.com.datastax.spark.connector.google.common.util.concurrent.Futures$6.run(Futures.java:1319) [spark-cassandra-connector_2.11-2.0.2.jar:2.0.2]
	at shade.com.datastax.spark.connector.google.common.util.concurrent.MoreExecutors$DirectExecutor.execute(MoreExecutors.java:457) [spark-cassandra-connector_2.11-2.0.2.jar:2.0.2]
	at shade.com.datastax.spark.connector.google.common.util.concurrent.Futures$ImmediateFuture.addListener(Futures.java:106) [spark-cassandra-connector_2.11-2.0.2.jar:2.0.2]
	at shade.com.datastax.spark.connector.google.common.util.concurrent.Futures.addCallback(Futures.java:1322) [spark-cassandra-connector_2.11-2.0.2.jar:2.0.2]
	at shade.com.datastax.spark.connector.google.common.util.concurrent.Futures$FallbackFuture$1.onFailure(Futures.java:476) [spark-cassandra-connector_2.11-2.0.2.jar:2.0.2]
	at shade.com.datastax.spark.connector.google.common.util.concurrent.Futures$6.run(Futures.java:1310) [spark-cassandra-connector_2.11-2.0.2.jar:2.0.2]
	at shade.com.datastax.spark.connector.google.common.util.concurrent.MoreExecutors$DirectExecutorService.execute(MoreExecutors.java:299) [spark-cassandra-connector_2.11-2.0.2.jar:2.0.2]
	at shade.com.datastax.spark.connector.google.common.util.concurrent.ExecutionList.executeListener(ExecutionList.java:156) [spark-cassandra-connector_2.11-2.0.2.jar:2.0.2]
	at shade.com.datastax.spark.connector.google.common.util.concurrent.ExecutionList.execute(ExecutionList.java:145) [spark-cassandra-connector_2.11-2.0.2.jar:2.0.2]
	at shade.com.datastax.spark.connector.google.common.util.concurrent.AbstractFuture.setException(AbstractFuture.java:202) [spark-cassandra-connector_2.11-2.0.2.jar:2.0.2]
	at shade.com.datastax.spark.connector.google.common.util.concurrent.Futures$FallbackFuture$1$1.onFailure(Futures.java:487) [spark-cassandra-connector_2.11-2.0.2.jar:2.0.2]
	at shade.com.datastax.spark.connector.google.common.util.concurrent.Futures$6.run(Futures.java:1310) [spark-cassandra-connector_2.11-2.0.2.jar:2.0.2]
	at shade.com.datastax.spark.connector.google.common.util.concurrent.MoreExecutors$DirectExecutor.execute(MoreExecutors.java:457) [spark-cassandra-connector_2.11-2.0.2.jar:2.0.2]
	at shade.com.datastax.spark.connector.google.common.util.concurrent.ExecutionList.executeListener(ExecutionList.java:156) [spark-cassandra-connector_2.11-2.0.2.jar:2.0.2]
	at shade.com.datastax.spark.connector.google.common.util.concurrent.ExecutionList.add(ExecutionList.java:101) [spark-cassandra-connector_2.11-2.0.2.jar:2.0.2]
	at shade.com.datastax.spark.connector.google.common.util.concurrent.AbstractFuture.addListener(AbstractFuture.java:170) [spark-cassandra-connector_2.11-2.0.2.jar:2.0.2]
	at shade.com.datastax.spark.connector.google.common.util.concurrent.Futures.addCallback(Futures.java:1322) [spark-cassandra-connector_2.11-2.0.2.jar:2.0.2]
	at shade.com.datastax.spark.connector.google.common.util.concurrent.Futures$FallbackFuture$1.onFailure(Futures.java:476) [spark-cassandra-connector_2.11-2.0.2.jar:2.0.2]
	at shade.com.datastax.spark.connector.google.common.util.concurrent.Futures$6.run(Futures.java:1310) [spark-cassandra-connector_2.11-2.0.2.jar:2.0.2]
	at shade.com.datastax.spark.connector.google.common.util.concurrent.MoreExecutors$DirectExecutorService.execute(MoreExecutors.java:299) [spark-cassandra-connector_2.11-2.0.2.jar:2.0.2]
	at shade.com.datastax.spark.connector.google.common.util.concurrent.ExecutionList.executeListener(ExecutionList.java:156) [spark-cassandra-connector_2.11-2.0.2.jar:2.0.2]
	at shade.com.datastax.spark.connector.google.common.util.concurrent.ExecutionList.execute(ExecutionList.java:145) [spark-cassandra-connector_2.11-2.0.2.jar:2.0.2]
	at shade.com.datastax.spark.connector.google.common.util.concurrent.AbstractFuture.setException(AbstractFuture.java:202) [spark-cassandra-connector_2.11-2.0.2.jar:2.0.2]
	at shade.com.datastax.spark.connector.google.common.util.concurrent.Futures$ChainingListenableFuture.run(Futures.java:902) [spark-cassandra-connector_2.11-2.0.2.jar:2.0.2]
	at shade.com.datastax.spark.connector.google.common.util.concurrent.Futures$1$1.run(Futures.java:635) [spark-cassandra-connector_2.11-2.0.2.jar:2.0.2]
	at shade.com.datastax.spark.connector.google.common.util.concurrent.MoreExecutors$DirectExecutorService.execute(MoreExecutors.java:299) [spark-cassandra-connector_2.11-2.0.2.jar:2.0.2]
	at shade.com.datastax.spark.connector.google.common.util.concurrent.Futures$1.run(Futures.java:632) [spark-cassandra-connector_2.11-2.0.2.jar:2.0.2]
	at shade.com.datastax.spark.connector.google.common.util.concurrent.MoreExecutors$DirectExecutor.execute(MoreExecutors.java:457) [spark-cassandra-connector_2.11-2.0.2.jar:2.0.2]
	at shade.com.datastax.spark.connector.google.common.util.concurrent.ExecutionList.executeListener(ExecutionList.java:156) [spark-cassandra-connector_2.11-2.0.2.jar:2.0.2]
	at shade.com.datastax.spark.connector.google.common.util.concurrent.ExecutionList.execute(ExecutionList.java:145) [spark-cassandra-connector_2.11-2.0.2.jar:2.0.2]
	at shade.com.datastax.spark.connector.google.common.util.concurrent.AbstractFuture.setException(AbstractFuture.java:202) [spark-cassandra-connector_2.11-2.0.2.jar:2.0.2]
	at shade.com.datastax.spark.connector.google.common.util.concurrent.SettableFuture.setException(SettableFuture.java:68) [spark-cassandra-connector_2.11-2.0.2.jar:2.0.2]
	at com.datastax.driver.core.Connection$1.operationComplete(Connection.java:166) [spark-cassandra-connector_2.11-2.0.2.jar:2.0.2]
	at com.datastax.driver.core.Connection$1.operationComplete(Connection.java:149) [spark-cassandra-connector_2.11-2.0.2.jar:2.0.2]
	at io.netty.util.concurrent.DefaultPromise.notifyListener0(DefaultPromise.java:507) [netty-all-4.1.8.Final.jar:4.1.8.Final]
	at io.netty.util.concurrent.DefaultPromise.notifyListeners0(DefaultPromise.java:500) [netty-all-4.1.8.Final.jar:4.1.8.Final]
	at io.netty.util.concurrent.DefaultPromise.notifyListenersNow(DefaultPromise.java:479) [netty-all-4.1.8.Final.jar:4.1.8.Final]
	at io.netty.util.concurrent.DefaultPromise.notifyListeners(DefaultPromise.java:420) [netty-all-4.1.8.Final.jar:4.1.8.Final]
	at io.netty.util.concurrent.DefaultPromise.tryFailure(DefaultPromise.java:122) [netty-all-4.1.8.Final.jar:4.1.8.Final]
	at io.netty.channel.nio.AbstractNioChannel$AbstractNioUnsafe.fulfillConnectPromise(AbstractNioChannel.java:327) [netty-all-4.1.8.Final.jar:4.1.8.Final]
	at io.netty.channel.nio.AbstractNioChannel$AbstractNioUnsafe.finishConnect(AbstractNioChannel.java:343) [netty-all-4.1.8.Final.jar:4.1.8.Final]
	at io.netty.channel.nio.NioEventLoop.processSelectedKey(NioEventLoop.java:630) [netty-all-4.1.8.Final.jar:4.1.8.Final]
	at io.netty.channel.nio.NioEventLoop.processSelectedKeysOptimized(NioEventLoop.java:565) [netty-all-4.1.8.Final.jar:4.1.8.Final]
	at io.netty.channel.nio.NioEventLoop.processSelectedKeys(NioEventLoop.java:479) [netty-all-4.1.8.Final.jar:4.1.8.Final]
	at io.netty.channel.nio.NioEventLoop.run(NioEventLoop.java:441) [netty-all-4.1.8.Final.jar:4.1.8.Final]
	at io.netty.util.concurrent.SingleThreadEventExecutor$5.run(SingleThreadEventExecutor.java:858) [netty-all-4.1.8.Final.jar:4.1.8.Final]
	at io.netty.util.concurrent.DefaultThreadFactory$DefaultRunnableDecorator.run(DefaultThreadFactory.java:144) [netty-all-4.1.8.Final.jar:4.1.8.Final]
	at java.lang.Thread.run(Thread.java:745) [na:1.8.0_111]
2017-08-15 11:24:45.371 WARN  com.datastax.driver.core.NettyUtil - Found Netty's native epoll transport, but not running on linux-based operating system. Using NIO instead.
2017-08-15 11:24:46.225 WARN  com.datastax.driver.core.Cluster - You listed /192.168.8.106:9042 in your contact points, but it wasn't found in the control host's system.peers at startup
2017-08-15 11:24:46.227 WARN  com.datastax.driver.core.Cluster - You listed /192.168.8.109:9042 in your contact points, but it wasn't found in the control host's system.peers at startup
2017-08-15 11:25:35.630 WARN  com.datastax.driver.core.NettyUtil - Found Netty's native epoll transport, but not running on linux-based operating system. Using NIO instead.
2017-08-15 11:25:36.472 WARN  com.datastax.driver.core.Cluster - You listed /192.168.8.108:9042 in your contact points, but it wasn't found in the control host's system.peers at startup
2017-08-15 11:25:38.278 WARN  com.datastax.driver.core.Session - Error creating pool to /192.168.8.106:9042
com.datastax.driver.core.exceptions.ConnectionException: [/192.168.8.106:9042] Pool was closed during initialization
	at com.datastax.driver.core.HostConnectionPool$2.onSuccess(HostConnectionPool.java:148) [spark-cassandra-connector_2.11-2.0.2.jar:2.0.2]
	at com.datastax.driver.core.HostConnectionPool$2.onSuccess(HostConnectionPool.java:134) [spark-cassandra-connector_2.11-2.0.2.jar:2.0.2]
	at shade.com.datastax.spark.connector.google.common.util.concurrent.Futures$6.run(Futures.java:1319) [spark-cassandra-connector_2.11-2.0.2.jar:2.0.2]
	at shade.com.datastax.spark.connector.google.common.util.concurrent.MoreExecutors$DirectExecutorService.execute(MoreExecutors.java:299) [spark-cassandra-connector_2.11-2.0.2.jar:2.0.2]
	at shade.com.datastax.spark.connector.google.common.util.concurrent.ExecutionList.executeListener(ExecutionList.java:156) [spark-cassandra-connector_2.11-2.0.2.jar:2.0.2]
	at shade.com.datastax.spark.connector.google.common.util.concurrent.ExecutionList.execute(ExecutionList.java:145) [spark-cassandra-connector_2.11-2.0.2.jar:2.0.2]
	at shade.com.datastax.spark.connector.google.common.util.concurrent.AbstractFuture.set(AbstractFuture.java:185) [spark-cassandra-connector_2.11-2.0.2.jar:2.0.2]
	at shade.com.datastax.spark.connector.google.common.util.concurrent.Futures$CombinedFuture.setOneValue(Futures.java:1764) [spark-cassandra-connector_2.11-2.0.2.jar:2.0.2]
	at shade.com.datastax.spark.connector.google.common.util.concurrent.Futures$CombinedFuture.access$400(Futures.java:1608) [spark-cassandra-connector_2.11-2.0.2.jar:2.0.2]
	at shade.com.datastax.spark.connector.google.common.util.concurrent.Futures$CombinedFuture$2.run(Futures.java:1686) [spark-cassandra-connector_2.11-2.0.2.jar:2.0.2]
	at shade.com.datastax.spark.connector.google.common.util.concurrent.MoreExecutors$DirectExecutor.execute(MoreExecutors.java:457) [spark-cassandra-connector_2.11-2.0.2.jar:2.0.2]
	at shade.com.datastax.spark.connector.google.common.util.concurrent.ExecutionList.executeListener(ExecutionList.java:156) [spark-cassandra-connector_2.11-2.0.2.jar:2.0.2]
	at shade.com.datastax.spark.connector.google.common.util.concurrent.ExecutionList.execute(ExecutionList.java:145) [spark-cassandra-connector_2.11-2.0.2.jar:2.0.2]
	at shade.com.datastax.spark.connector.google.common.util.concurrent.AbstractFuture.set(AbstractFuture.java:185) [spark-cassandra-connector_2.11-2.0.2.jar:2.0.2]
	at shade.com.datastax.spark.connector.google.common.util.concurrent.Futures$FallbackFuture$1$1.onSuccess(Futures.java:479) [spark-cassandra-connector_2.11-2.0.2.jar:2.0.2]
	at shade.com.datastax.spark.connector.google.common.util.concurrent.Futures$6.run(Futures.java:1319) [spark-cassandra-connector_2.11-2.0.2.jar:2.0.2]
	at shade.com.datastax.spark.connector.google.common.util.concurrent.MoreExecutors$DirectExecutor.execute(MoreExecutors.java:457) [spark-cassandra-connector_2.11-2.0.2.jar:2.0.2]
	at shade.com.datastax.spark.connector.google.common.util.concurrent.Futures$ImmediateFuture.addListener(Futures.java:106) [spark-cassandra-connector_2.11-2.0.2.jar:2.0.2]
	at shade.com.datastax.spark.connector.google.common.util.concurrent.Futures.addCallback(Futures.java:1322) [spark-cassandra-connector_2.11-2.0.2.jar:2.0.2]
	at shade.com.datastax.spark.connector.google.common.util.concurrent.Futures$FallbackFuture$1.onFailure(Futures.java:476) [spark-cassandra-connector_2.11-2.0.2.jar:2.0.2]
	at shade.com.datastax.spark.connector.google.common.util.concurrent.Futures$6.run(Futures.java:1310) [spark-cassandra-connector_2.11-2.0.2.jar:2.0.2]
	at shade.com.datastax.spark.connector.google.common.util.concurrent.MoreExecutors$DirectExecutorService.execute(MoreExecutors.java:299) [spark-cassandra-connector_2.11-2.0.2.jar:2.0.2]
	at shade.com.datastax.spark.connector.google.common.util.concurrent.ExecutionList.executeListener(ExecutionList.java:156) [spark-cassandra-connector_2.11-2.0.2.jar:2.0.2]
	at shade.com.datastax.spark.connector.google.common.util.concurrent.ExecutionList.execute(ExecutionList.java:145) [spark-cassandra-connector_2.11-2.0.2.jar:2.0.2]
	at shade.com.datastax.spark.connector.google.common.util.concurrent.AbstractFuture.setException(AbstractFuture.java:202) [spark-cassandra-connector_2.11-2.0.2.jar:2.0.2]
	at shade.com.datastax.spark.connector.google.common.util.concurrent.Futures$FallbackFuture$1$1.onFailure(Futures.java:487) [spark-cassandra-connector_2.11-2.0.2.jar:2.0.2]
	at shade.com.datastax.spark.connector.google.common.util.concurrent.Futures$6.run(Futures.java:1310) [spark-cassandra-connector_2.11-2.0.2.jar:2.0.2]
	at shade.com.datastax.spark.connector.google.common.util.concurrent.MoreExecutors$DirectExecutor.execute(MoreExecutors.java:457) [spark-cassandra-connector_2.11-2.0.2.jar:2.0.2]
	at shade.com.datastax.spark.connector.google.common.util.concurrent.ExecutionList.executeListener(ExecutionList.java:156) [spark-cassandra-connector_2.11-2.0.2.jar:2.0.2]
	at shade.com.datastax.spark.connector.google.common.util.concurrent.ExecutionList.add(ExecutionList.java:101) [spark-cassandra-connector_2.11-2.0.2.jar:2.0.2]
	at shade.com.datastax.spark.connector.google.common.util.concurrent.AbstractFuture.addListener(AbstractFuture.java:170) [spark-cassandra-connector_2.11-2.0.2.jar:2.0.2]
	at shade.com.datastax.spark.connector.google.common.util.concurrent.Futures.addCallback(Futures.java:1322) [spark-cassandra-connector_2.11-2.0.2.jar:2.0.2]
	at shade.com.datastax.spark.connector.google.common.util.concurrent.Futures$FallbackFuture$1.onFailure(Futures.java:476) [spark-cassandra-connector_2.11-2.0.2.jar:2.0.2]
	at shade.com.datastax.spark.connector.google.common.util.concurrent.Futures$6.run(Futures.java:1310) [spark-cassandra-connector_2.11-2.0.2.jar:2.0.2]
	at shade.com.datastax.spark.connector.google.common.util.concurrent.MoreExecutors$DirectExecutorService.execute(MoreExecutors.java:299) [spark-cassandra-connector_2.11-2.0.2.jar:2.0.2]
	at shade.com.datastax.spark.connector.google.common.util.concurrent.ExecutionList.executeListener(ExecutionList.java:156) [spark-cassandra-connector_2.11-2.0.2.jar:2.0.2]
	at shade.com.datastax.spark.connector.google.common.util.concurrent.ExecutionList.execute(ExecutionList.java:145) [spark-cassandra-connector_2.11-2.0.2.jar:2.0.2]
	at shade.com.datastax.spark.connector.google.common.util.concurrent.AbstractFuture.setException(AbstractFuture.java:202) [spark-cassandra-connector_2.11-2.0.2.jar:2.0.2]
	at shade.com.datastax.spark.connector.google.common.util.concurrent.Futures$ChainingListenableFuture.run(Futures.java:902) [spark-cassandra-connector_2.11-2.0.2.jar:2.0.2]
	at shade.com.datastax.spark.connector.google.common.util.concurrent.Futures$1$1.run(Futures.java:635) [spark-cassandra-connector_2.11-2.0.2.jar:2.0.2]
	at shade.com.datastax.spark.connector.google.common.util.concurrent.MoreExecutors$DirectExecutorService.execute(MoreExecutors.java:299) [spark-cassandra-connector_2.11-2.0.2.jar:2.0.2]
	at shade.com.datastax.spark.connector.google.common.util.concurrent.Futures$1.run(Futures.java:632) [spark-cassandra-connector_2.11-2.0.2.jar:2.0.2]
	at shade.com.datastax.spark.connector.google.common.util.concurrent.MoreExecutors$DirectExecutor.execute(MoreExecutors.java:457) [spark-cassandra-connector_2.11-2.0.2.jar:2.0.2]
	at shade.com.datastax.spark.connector.google.common.util.concurrent.ExecutionList.executeListener(ExecutionList.java:156) [spark-cassandra-connector_2.11-2.0.2.jar:2.0.2]
	at shade.com.datastax.spark.connector.google.common.util.concurrent.ExecutionList.execute(ExecutionList.java:145) [spark-cassandra-connector_2.11-2.0.2.jar:2.0.2]
	at shade.com.datastax.spark.connector.google.common.util.concurrent.AbstractFuture.setException(AbstractFuture.java:202) [spark-cassandra-connector_2.11-2.0.2.jar:2.0.2]
	at shade.com.datastax.spark.connector.google.common.util.concurrent.SettableFuture.setException(SettableFuture.java:68) [spark-cassandra-connector_2.11-2.0.2.jar:2.0.2]
	at com.datastax.driver.core.Connection$1.operationComplete(Connection.java:166) [spark-cassandra-connector_2.11-2.0.2.jar:2.0.2]
	at com.datastax.driver.core.Connection$1.operationComplete(Connection.java:149) [spark-cassandra-connector_2.11-2.0.2.jar:2.0.2]
	at io.netty.util.concurrent.DefaultPromise.notifyListener0(DefaultPromise.java:507) [netty-all-4.1.8.Final.jar:4.1.8.Final]
	at io.netty.util.concurrent.DefaultPromise.notifyListeners0(DefaultPromise.java:500) [netty-all-4.1.8.Final.jar:4.1.8.Final]
	at io.netty.util.concurrent.DefaultPromise.notifyListenersNow(DefaultPromise.java:479) [netty-all-4.1.8.Final.jar:4.1.8.Final]
	at io.netty.util.concurrent.DefaultPromise.notifyListeners(DefaultPromise.java:420) [netty-all-4.1.8.Final.jar:4.1.8.Final]
	at io.netty.util.concurrent.DefaultPromise.tryFailure(DefaultPromise.java:122) [netty-all-4.1.8.Final.jar:4.1.8.Final]
	at io.netty.channel.nio.AbstractNioChannel$AbstractNioUnsafe.fulfillConnectPromise(AbstractNioChannel.java:327) [netty-all-4.1.8.Final.jar:4.1.8.Final]
	at io.netty.channel.nio.AbstractNioChannel$AbstractNioUnsafe.finishConnect(AbstractNioChannel.java:343) [netty-all-4.1.8.Final.jar:4.1.8.Final]
	at io.netty.channel.nio.NioEventLoop.processSelectedKey(NioEventLoop.java:630) [netty-all-4.1.8.Final.jar:4.1.8.Final]
	at io.netty.channel.nio.NioEventLoop.processSelectedKeysOptimized(NioEventLoop.java:565) [netty-all-4.1.8.Final.jar:4.1.8.Final]
	at io.netty.channel.nio.NioEventLoop.processSelectedKeys(NioEventLoop.java:479) [netty-all-4.1.8.Final.jar:4.1.8.Final]
	at io.netty.channel.nio.NioEventLoop.run(NioEventLoop.java:441) [netty-all-4.1.8.Final.jar:4.1.8.Final]
	at io.netty.util.concurrent.SingleThreadEventExecutor$5.run(SingleThreadEventExecutor.java:858) [netty-all-4.1.8.Final.jar:4.1.8.Final]
	at io.netty.util.concurrent.DefaultThreadFactory$DefaultRunnableDecorator.run(DefaultThreadFactory.java:144) [netty-all-4.1.8.Final.jar:4.1.8.Final]
	at java.lang.Thread.run(Thread.java:745) [na:1.8.0_111]
2017-08-15 11:26:17.025 WARN  com.datastax.driver.core.NettyUtil - Found Netty's native epoll transport, but not running on linux-based operating system. Using NIO instead.
2017-08-15 11:26:17.853 WARN  com.datastax.driver.core.Cluster - You listed /192.168.8.106:9042 in your contact points, but it wasn't found in the control host's system.peers at startup
2017-08-15 11:26:17.855 WARN  com.datastax.driver.core.Cluster - You listed /192.168.8.109:9042 in your contact points, but it wasn't found in the control host's system.peers at startup
